This is pdfTeX, Version 3.14159265-2.6-1.40.18 (TeX Live 2017/Debian) (preloaded format=pdflatex 2019.10.15)  12 DEC 2019 11:40
entering extended mode
 restricted \write18 enabled.
 %&-line parsing enabled.
**myreport.tex
(./myreport.tex
LaTeX2e <2017-04-15>
Babel <3.18> and hyphenation patterns for 84 language(s) loaded.
(./dforeport.cls
Document Class: dforeport 2018/01/09 DFO report class
(/usr/share/texlive/texmf-dist/tex/latex/base/article.cls
Document Class: article 2014/09/29 v1.4h Standard LaTeX document class
(/usr/share/texlive/texmf-dist/tex/latex/base/size10.clo
File: size10.clo 2014/09/29 v1.4h Standard LaTeX file (size option)
)
\c@part=\count79
\c@section=\count80
\c@subsection=\count81
\c@subsubsection=\count82
\c@paragraph=\count83
\c@subparagraph=\count84
\c@figure=\count85
\c@table=\count86
\abovecaptionskip=\skip41
\belowcaptionskip=\skip42
\bibindent=\dimen102
)
(/usr/share/texlive/texmf-dist/tex/latex/titlesec/titlesec.sty
Package: titlesec 2016/03/21 v2.10.2 Sectioning titles
\ttl@box=\box26
\beforetitleunit=\skip43
\aftertitleunit=\skip44
\ttl@plus=\dimen103
\ttl@minus=\dimen104
\ttl@toksa=\toks14
\titlewidth=\dimen105
\titlewidthlast=\dimen106
\titlewidthfirst=\dimen107
))
(/usr/share/texlive/texmf-dist/tex/latex/fancyhdr/fancyhdr.sty
Package: fancyhdr 2017/06/30 v3.9a Extensive control of page headers and footer
s
\f@nch@headwidth=\skip45
\f@nch@O@elh=\skip46
\f@nch@O@erh=\skip47
\f@nch@O@olh=\skip48
\f@nch@O@orh=\skip49
\f@nch@O@elf=\skip50
\f@nch@O@erf=\skip51
\f@nch@O@olf=\skip52
\f@nch@O@orf=\skip53
)
(/usr/share/texlive/texmf-dist/tex/latex/hanging/hanging.sty
Package: hanging 2009/09/02 v1.2b hanging paragraphs and punctuation
\h@ngcommawd=\skip54
\h@ngfstopwd=\skip55
\h@ngquotewd=\skip56
\h@ngdquotewd=\skip57
\h@ngquerywd=\skip58
\h@ngexclwd=\skip59
\h@ngcolonwd=\skip60
\h@ngscolonwd=\skip61
)
(/usr/share/texlive/texmf-dist/tex/latex/lastpage/lastpage.sty
Package: lastpage 2015/03/29 v1.2m Refers to last page's name (HMM; JPG)
)
(/usr/share/texlive/texmf-dist/tex/latex/setspace/setspace.sty
Package: setspace 2011/12/19 v6.7a set line spacing
)
(/usr/share/texlive/texmf-dist/tex/latex/graphics/graphicx.sty
Package: graphicx 2017/06/01 v1.1a Enhanced LaTeX Graphics (DPC,SPQR)

(/usr/share/texlive/texmf-dist/tex/latex/graphics/keyval.sty
Package: keyval 2014/10/28 v1.15 key=value parser (DPC)
\KV@toks@=\toks15
)
(/usr/share/texlive/texmf-dist/tex/latex/graphics/graphics.sty
Package: graphics 2017/06/25 v1.2c Standard LaTeX Graphics (DPC,SPQR)

(/usr/share/texlive/texmf-dist/tex/latex/graphics/trig.sty
Package: trig 2016/01/03 v1.10 sin cos tan (DPC)
)
(/usr/share/texlive/texmf-dist/tex/latex/graphics-cfg/graphics.cfg
File: graphics.cfg 2016/06/04 v1.11 sample graphics configuration
)
Package graphics Info: Driver file: pdftex.def on input line 99.

(/usr/share/texlive/texmf-dist/tex/latex/graphics-def/pdftex.def
File: pdftex.def 2018/01/08 v1.0l Graphics/color driver for pdftex
))
\Gin@req@height=\dimen108
\Gin@req@width=\dimen109
)
(/usr/share/texlive/texmf-dist/tex/latex/graphics/rotating.sty
Package: rotating 2016/08/11 v2.16d rotated objects in LaTeX

(/usr/share/texlive/texmf-dist/tex/latex/base/ifthen.sty
Package: ifthen 2014/09/29 v1.1c Standard LaTeX ifthen package (DPC)
)
\c@r@tfl@t=\count87
\rotFPtop=\skip62
\rotFPbot=\skip63
\rot@float@box=\box27
\rot@mess@toks=\toks16
)
(/usr/share/texlive/texmf-dist/tex/latex/psnfss/times.sty
Package: times 2005/04/12 PSNFSS-v9.2a (SPQR) 
)
(/usr/share/texlive/texmf-dist/tex/latex/amsmath/amsmath.sty
Package: amsmath 2017/09/02 v2.17a AMS math features
\@mathmargin=\skip64

For additional information on amsmath, use the `?' option.
(/usr/share/texlive/texmf-dist/tex/latex/amsmath/amstext.sty
Package: amstext 2000/06/29 v2.01 AMS text

(/usr/share/texlive/texmf-dist/tex/latex/amsmath/amsgen.sty
File: amsgen.sty 1999/11/30 v2.0 generic functions
\@emptytoks=\toks17
\ex@=\dimen110
))
(/usr/share/texlive/texmf-dist/tex/latex/amsmath/amsbsy.sty
Package: amsbsy 1999/11/29 v1.2d Bold Symbols
\pmbraise@=\dimen111
)
(/usr/share/texlive/texmf-dist/tex/latex/amsmath/amsopn.sty
Package: amsopn 2016/03/08 v2.02 operator names
)
\inf@bad=\count88
LaTeX Info: Redefining \frac on input line 213.
\uproot@=\count89
\leftroot@=\count90
LaTeX Info: Redefining \overline on input line 375.
\classnum@=\count91
\DOTSCASE@=\count92
LaTeX Info: Redefining \ldots on input line 472.
LaTeX Info: Redefining \dots on input line 475.
LaTeX Info: Redefining \cdots on input line 596.
\Mathstrutbox@=\box28
\strutbox@=\box29
\big@size=\dimen112
LaTeX Font Info:    Redeclaring font encoding OML on input line 712.
LaTeX Font Info:    Redeclaring font encoding OMS on input line 713.
\macc@depth=\count93
\c@MaxMatrixCols=\count94
\dotsspace@=\muskip10
\c@parentequation=\count95
\dspbrk@lvl=\count96
\tag@help=\toks18
\row@=\count97
\column@=\count98
\maxfields@=\count99
\andhelp@=\toks19
\eqnshift@=\dimen113
\alignsep@=\dimen114
\tagshift@=\dimen115
\tagwidth@=\dimen116
\totwidth@=\dimen117
\lineht@=\dimen118
\@envbody=\toks20
\multlinegap=\skip65
\multlinetaggap=\skip66
\mathdisplay@stack=\toks21
LaTeX Info: Redefining \[ on input line 2817.
LaTeX Info: Redefining \] on input line 2818.
)
(/usr/share/texlive/texmf-dist/tex/latex/graphics/color.sty
Package: color 2016/07/10 v1.1e Standard LaTeX Color (DPC)

(/usr/share/texlive/texmf-dist/tex/latex/graphics-cfg/color.cfg
File: color.cfg 2016/01/02 v1.6 sample color configuration
)
Package color Info: Driver file: pdftex.def on input line 147.
)
(/usr/share/texlive/texmf-dist/tex/latex/tools/tabularx.sty
Package: tabularx 2016/02/03 v2.11 `tabularx' package (DPC)

(/usr/share/texlive/texmf-dist/tex/latex/tools/array.sty
Package: array 2016/10/06 v2.4d Tabular extension package (FMi)
\col@sep=\dimen119
\extrarowheight=\dimen120
\NC@list=\toks22
\extratabsurround=\skip67
\backup@length=\skip68
)
\TX@col@width=\dimen121
\TX@old@table=\dimen122
\TX@old@col=\dimen123
\TX@target=\dimen124
\TX@delta=\dimen125
\TX@cols=\count100
\TX@ftn=\toks23
)
(/usr/share/texlive/texmf-dist/tex/latex/natbib/natbib.sty
Package: natbib 2010/09/13 8.31b (PWD, AO)
\bibhang=\skip69
\bibsep=\skip70
LaTeX Info: Redefining \cite on input line 694.
\c@NAT@ctr=\count101
)
(/usr/share/texmf/tex/latex/R/tex/latex/Sweave.sty
Package: Sweave 

(/usr/share/texlive/texmf-dist/tex/latex/fancyvrb/fancyvrb.sty
Package: fancyvrb 2008/02/07

Style option: `fancyvrb' v2.7a, with DG/SPQR fixes, and firstline=lastline fix 
<2008/02/07> (tvz)
\FV@CodeLineNo=\count102
\FV@InFile=\read1
\FV@TabBox=\box30
\c@FancyVerbLine=\count103
\FV@StepNumber=\count104
\FV@OutFile=\write3
) (/usr/share/texlive/texmf-dist/tex/latex/base/textcomp.sty
Package: textcomp 2017/04/05 v2.0i Standard LaTeX package
Package textcomp Info: Sub-encoding information:
(textcomp)               5 = only ISO-Adobe without \textcurrency
(textcomp)               4 = 5 + \texteuro
(textcomp)               3 = 4 + \textohm
(textcomp)               2 = 3 + \textestimated + \textcurrency
(textcomp)               1 = TS1 - \textcircled - \t
(textcomp)               0 = TS1 (full)
(textcomp)             Font families with sub-encoding setting implement
(textcomp)             only a restricted character set as indicated.
(textcomp)             Family '?' is the default used for unknown fonts.
(textcomp)             See the documentation for details.
Package textcomp Info: Setting ? sub-encoding to TS1/1 on input line 79.

(/usr/share/texlive/texmf-dist/tex/latex/base/ts1enc.def
File: ts1enc.def 2001/06/05 v3.0e (jk/car/fm) Standard LaTeX file
)
LaTeX Info: Redefining \oldstylenums on input line 334.
Package textcomp Info: Setting cmr sub-encoding to TS1/0 on input line 349.
Package textcomp Info: Setting cmss sub-encoding to TS1/0 on input line 350.
Package textcomp Info: Setting cmtt sub-encoding to TS1/0 on input line 351.
Package textcomp Info: Setting cmvtt sub-encoding to TS1/0 on input line 352.
Package textcomp Info: Setting cmbr sub-encoding to TS1/0 on input line 353.
Package textcomp Info: Setting cmtl sub-encoding to TS1/0 on input line 354.
Package textcomp Info: Setting ccr sub-encoding to TS1/0 on input line 355.
Package textcomp Info: Setting ptm sub-encoding to TS1/4 on input line 356.
Package textcomp Info: Setting pcr sub-encoding to TS1/4 on input line 357.
Package textcomp Info: Setting phv sub-encoding to TS1/4 on input line 358.
Package textcomp Info: Setting ppl sub-encoding to TS1/3 on input line 359.
Package textcomp Info: Setting pag sub-encoding to TS1/4 on input line 360.
Package textcomp Info: Setting pbk sub-encoding to TS1/4 on input line 361.
Package textcomp Info: Setting pnc sub-encoding to TS1/4 on input line 362.
Package textcomp Info: Setting pzc sub-encoding to TS1/4 on input line 363.
Package textcomp Info: Setting bch sub-encoding to TS1/4 on input line 364.
Package textcomp Info: Setting put sub-encoding to TS1/5 on input line 365.
Package textcomp Info: Setting uag sub-encoding to TS1/5 on input line 366.
Package textcomp Info: Setting ugq sub-encoding to TS1/5 on input line 367.
Package textcomp Info: Setting ul8 sub-encoding to TS1/4 on input line 368.
Package textcomp Info: Setting ul9 sub-encoding to TS1/4 on input line 369.
Package textcomp Info: Setting augie sub-encoding to TS1/5 on input line 370.
Package textcomp Info: Setting dayrom sub-encoding to TS1/3 on input line 371.
Package textcomp Info: Setting dayroms sub-encoding to TS1/3 on input line 372.

Package textcomp Info: Setting pxr sub-encoding to TS1/0 on input line 373.
Package textcomp Info: Setting pxss sub-encoding to TS1/0 on input line 374.
Package textcomp Info: Setting pxtt sub-encoding to TS1/0 on input line 375.
Package textcomp Info: Setting txr sub-encoding to TS1/0 on input line 376.
Package textcomp Info: Setting txss sub-encoding to TS1/0 on input line 377.
Package textcomp Info: Setting txtt sub-encoding to TS1/0 on input line 378.
Package textcomp Info: Setting lmr sub-encoding to TS1/0 on input line 379.
Package textcomp Info: Setting lmdh sub-encoding to TS1/0 on input line 380.
Package textcomp Info: Setting lmss sub-encoding to TS1/0 on input line 381.
Package textcomp Info: Setting lmssq sub-encoding to TS1/0 on input line 382.
Package textcomp Info: Setting lmvtt sub-encoding to TS1/0 on input line 383.
Package textcomp Info: Setting lmtt sub-encoding to TS1/0 on input line 384.
Package textcomp Info: Setting qhv sub-encoding to TS1/0 on input line 385.
Package textcomp Info: Setting qag sub-encoding to TS1/0 on input line 386.
Package textcomp Info: Setting qbk sub-encoding to TS1/0 on input line 387.
Package textcomp Info: Setting qcr sub-encoding to TS1/0 on input line 388.
Package textcomp Info: Setting qcs sub-encoding to TS1/0 on input line 389.
Package textcomp Info: Setting qpl sub-encoding to TS1/0 on input line 390.
Package textcomp Info: Setting qtm sub-encoding to TS1/0 on input line 391.
Package textcomp Info: Setting qzc sub-encoding to TS1/0 on input line 392.
Package textcomp Info: Setting qhvc sub-encoding to TS1/0 on input line 393.
Package textcomp Info: Setting futs sub-encoding to TS1/4 on input line 394.
Package textcomp Info: Setting futx sub-encoding to TS1/4 on input line 395.
Package textcomp Info: Setting futj sub-encoding to TS1/4 on input line 396.
Package textcomp Info: Setting hlh sub-encoding to TS1/3 on input line 397.
Package textcomp Info: Setting hls sub-encoding to TS1/3 on input line 398.
Package textcomp Info: Setting hlst sub-encoding to TS1/3 on input line 399.
Package textcomp Info: Setting hlct sub-encoding to TS1/5 on input line 400.
Package textcomp Info: Setting hlx sub-encoding to TS1/5 on input line 401.
Package textcomp Info: Setting hlce sub-encoding to TS1/5 on input line 402.
Package textcomp Info: Setting hlcn sub-encoding to TS1/5 on input line 403.
Package textcomp Info: Setting hlcw sub-encoding to TS1/5 on input line 404.
Package textcomp Info: Setting hlcf sub-encoding to TS1/5 on input line 405.
Package textcomp Info: Setting pplx sub-encoding to TS1/3 on input line 406.
Package textcomp Info: Setting pplj sub-encoding to TS1/3 on input line 407.
Package textcomp Info: Setting ptmx sub-encoding to TS1/4 on input line 408.
Package textcomp Info: Setting ptmj sub-encoding to TS1/4 on input line 409.
)
(/usr/share/texlive/texmf-dist/tex/latex/base/fontenc.sty
Package: fontenc 2017/04/05 v2.0i Standard LaTeX package

(/usr/share/texlive/texmf-dist/tex/latex/base/t1enc.def
File: t1enc.def 2017/04/05 v2.0i Standard LaTeX file
LaTeX Font Info:    Redeclaring font encoding T1 on input line 48.
))
(/usr/share/texlive/texmf-dist/tex/latex/ae/ae.sty
Package: ae 2001/02/12 1.3 Almost European Computer Modern

(/usr/share/texlive/texmf-dist/tex/latex/base/fontenc.sty
Package: fontenc 2017/04/05 v2.0i Standard LaTeX package

(/usr/share/texlive/texmf-dist/tex/latex/base/t1enc.def
File: t1enc.def 2017/04/05 v2.0i Standard LaTeX file
LaTeX Font Info:    Redeclaring font encoding T1 on input line 48.
)
LaTeX Font Info:    Try loading font information for T1+aer on input line 105.

(/usr/share/texlive/texmf-dist/tex/latex/ae/t1aer.fd
File: t1aer.fd 1997/11/16 Font definitions for T1/aer.
))))
(/usr/share/texlive/texmf-dist/tex/latex/base/fontenc.sty
Package: fontenc 2017/04/05 v2.0i Standard LaTeX package

(/usr/share/texlive/texmf-dist/tex/latex/base/t1enc.def
File: t1enc.def 2017/04/05 v2.0i Standard LaTeX file
LaTeX Font Info:    Redeclaring font encoding T1 on input line 48.
))
(/usr/share/texlive/texmf-dist/tex/latex/hyperref/hyperref.sty
Package: hyperref 2018/02/06 v6.86b Hypertext links for LaTeX

(/usr/share/texlive/texmf-dist/tex/generic/oberdiek/hobsub-hyperref.sty
Package: hobsub-hyperref 2016/05/16 v1.14 Bundle oberdiek, subset hyperref (HO)


(/usr/share/texlive/texmf-dist/tex/generic/oberdiek/hobsub-generic.sty
Package: hobsub-generic 2016/05/16 v1.14 Bundle oberdiek, subset generic (HO)
Package: hobsub 2016/05/16 v1.14 Construct package bundles (HO)
Package: infwarerr 2016/05/16 v1.4 Providing info/warning/error messages (HO)
Package: ltxcmds 2016/05/16 v1.23 LaTeX kernel commands for general use (HO)
Package: ifluatex 2016/05/16 v1.4 Provides the ifluatex switch (HO)
Package ifluatex Info: LuaTeX not detected.
Package: ifvtex 2016/05/16 v1.6 Detect VTeX and its facilities (HO)
Package ifvtex Info: VTeX not detected.
Package: intcalc 2016/05/16 v1.2 Expandable calculations with integers (HO)
Package: ifpdf 2017/03/15 v3.2 Provides the ifpdf switch
Package: etexcmds 2016/05/16 v1.6 Avoid name clashes with e-TeX commands (HO)
Package etexcmds Info: Could not find \expanded.
(etexcmds)             That can mean that you are not using pdfTeX 1.50 or
(etexcmds)             that some package has redefined \expanded.
(etexcmds)             In the latter case, load this package earlier.
Package: kvsetkeys 2016/05/16 v1.17 Key value parser (HO)
Package: kvdefinekeys 2016/05/16 v1.4 Define keys (HO)
Package: pdftexcmds 2018/01/21 v0.26 Utility functions of pdfTeX for LuaTeX (HO
)
Package pdftexcmds Info: LuaTeX not detected.
Package pdftexcmds Info: \pdf@primitive is available.
Package pdftexcmds Info: \pdf@ifprimitive is available.
Package pdftexcmds Info: \pdfdraftmode found.
Package: pdfescape 2016/05/16 v1.14 Implements pdfTeX's escape features (HO)
Package: bigintcalc 2016/05/16 v1.4 Expandable calculations on big integers (HO
)
Package: bitset 2016/05/16 v1.2 Handle bit-vector datatype (HO)
Package: uniquecounter 2016/05/16 v1.3 Provide unlimited unique counter (HO)
)
Package hobsub Info: Skipping package `hobsub' (already loaded).
Package: letltxmacro 2016/05/16 v1.5 Let assignment for LaTeX macros (HO)
Package: hopatch 2016/05/16 v1.3 Wrapper for package hooks (HO)
Package: xcolor-patch 2016/05/16 xcolor patch
Package: atveryend 2016/05/16 v1.9 Hooks at the very end of document (HO)
Package atveryend Info: \enddocument detected (standard20110627).
Package: atbegshi 2016/06/09 v1.18 At begin shipout hook (HO)
Package: refcount 2016/05/16 v3.5 Data extraction from label references (HO)
Package: hycolor 2016/05/16 v1.8 Color options for hyperref/bookmark (HO)
)
(/usr/share/texlive/texmf-dist/tex/generic/ifxetex/ifxetex.sty
Package: ifxetex 2010/09/12 v0.6 Provides ifxetex conditional
)
(/usr/share/texlive/texmf-dist/tex/latex/oberdiek/auxhook.sty
Package: auxhook 2016/05/16 v1.4 Hooks for auxiliary files (HO)
)
(/usr/share/texlive/texmf-dist/tex/latex/oberdiek/kvoptions.sty
Package: kvoptions 2016/05/16 v3.12 Key value format for package options (HO)
)
\@linkdim=\dimen126
\Hy@linkcounter=\count105
\Hy@pagecounter=\count106

(/usr/share/texlive/texmf-dist/tex/latex/hyperref/pd1enc.def
File: pd1enc.def 2018/02/06 v6.86b Hyperref: PDFDocEncoding definition (HO)
)
\Hy@SavedSpaceFactor=\count107

(/usr/share/texlive/texmf-dist/tex/latex/latexconfig/hyperref.cfg
File: hyperref.cfg 2002/06/06 v1.2 hyperref configuration of TeXLive
)
Package hyperref Info: Hyper figures OFF on input line 4509.
Package hyperref Info: Link nesting OFF on input line 4514.
Package hyperref Info: Hyper index ON on input line 4517.
Package hyperref Info: Plain pages OFF on input line 4524.
Package hyperref Info: Backreferencing OFF on input line 4529.
Package hyperref Info: Implicit mode ON; LaTeX internals redefined.
Package hyperref Info: Bookmarks ON on input line 4762.
\c@Hy@tempcnt=\count108

(/usr/share/texlive/texmf-dist/tex/latex/url/url.sty
\Urlmuskip=\muskip11
Package: url 2013/09/16  ver 3.4  Verb mode for urls, etc.
)
LaTeX Info: Redefining \url on input line 5115.
\XeTeXLinkMargin=\dimen127
\Fld@menulength=\count109
\Field@Width=\dimen128
\Fld@charsize=\dimen129
Package hyperref Info: Hyper figures OFF on input line 6369.
Package hyperref Info: Link nesting OFF on input line 6374.
Package hyperref Info: Hyper index ON on input line 6377.
Package hyperref Info: backreferencing OFF on input line 6384.
Package hyperref Info: Link coloring OFF on input line 6389.
Package hyperref Info: Link coloring with OCG OFF on input line 6394.
Package hyperref Info: PDF/A mode OFF on input line 6399.
LaTeX Info: Redefining \ref on input line 6439.
LaTeX Info: Redefining \pageref on input line 6443.
\Hy@abspage=\count110
\c@Item=\count111
\c@Hfootnote=\count112
)
Package hyperref Info: Driver (autodetected): hpdftex.

(/usr/share/texlive/texmf-dist/tex/latex/hyperref/hpdftex.def
File: hpdftex.def 2018/02/06 v6.86b Hyperref driver for pdfTeX
\Fld@listcount=\count113
\c@bookmark@seq@number=\count114

(/usr/share/texlive/texmf-dist/tex/latex/oberdiek/rerunfilecheck.sty
Package: rerunfilecheck 2016/05/16 v1.8 Rerun checks for auxiliary files (HO)
Package uniquecounter Info: New unique counter `rerunfilecheck' on input line 2
82.
)
\Hy@SectionHShift=\skip71
)
(/usr/share/texlive/texmf-dist/tex/latex/float/float.sty
Package: float 2001/11/08 v1.3d Float enhancements (AL)
\c@float@type=\count115
\float@exts=\toks24
\float@box=\box31
\@float@everytoks=\toks25
\@floatcapt=\box32
)
(/usr/share/texlive/texmf-dist/tex/latex/graphics/lscape.sty
Package: lscape 2000/10/22 v3.01 Landscape Pages (DPC)
)
(/usr/share/texlive/texmf-dist/tex/latex/tools/multicol.sty
Package: multicol 2017/04/11 v1.8q multicolumn formatting (FMi)
\c@tracingmulticols=\count116
\mult@box=\box33
\multicol@leftmargin=\dimen130
\c@unbalance=\count117
\c@collectmore=\count118
\doublecol@number=\count119
\multicoltolerance=\count120
\multicolpretolerance=\count121
\full@width=\dimen131
\page@free=\dimen132
\premulticols=\dimen133
\postmulticols=\dimen134
\multicolsep=\skip72
\multicolbaselineskip=\skip73
\partial@page=\box34
\last@line=\box35
\maxbalancingoverflow=\dimen135
\mult@rightbox=\box36
\mult@grightbox=\box37
\mult@gfirstbox=\box38
\mult@firstbox=\box39
\@tempa=\box40
\@tempa=\box41
\@tempa=\box42
\@tempa=\box43
\@tempa=\box44
\@tempa=\box45
\@tempa=\box46
\@tempa=\box47
\@tempa=\box48
\@tempa=\box49
\@tempa=\box50
\@tempa=\box51
\@tempa=\box52
\@tempa=\box53
\@tempa=\box54
\@tempa=\box55
\@tempa=\box56
\c@columnbadness=\count122
\c@finalcolumnbadness=\count123
\last@try=\dimen136
\multicolovershoot=\dimen137
\multicolundershoot=\dimen138
\mult@nat@firstbox=\box57
\colbreak@box=\box58
\mc@col@check@num=\count124
) (./myreport.aux)
\openout1 = `myreport.aux'.

LaTeX Font Info:    Checking defaults for OML/cmm/m/it on input line 35.
LaTeX Font Info:    ... okay on input line 35.
LaTeX Font Info:    Checking defaults for T1/cmr/m/n on input line 35.
LaTeX Font Info:    ... okay on input line 35.
LaTeX Font Info:    Checking defaults for OT1/cmr/m/n on input line 35.
LaTeX Font Info:    ... okay on input line 35.
LaTeX Font Info:    Checking defaults for OMS/cmsy/m/n on input line 35.
LaTeX Font Info:    ... okay on input line 35.
LaTeX Font Info:    Checking defaults for OMX/cmex/m/n on input line 35.
LaTeX Font Info:    ... okay on input line 35.
LaTeX Font Info:    Checking defaults for U/cmr/m/n on input line 35.
LaTeX Font Info:    ... okay on input line 35.
LaTeX Font Info:    Checking defaults for TS1/cmr/m/n on input line 35.
LaTeX Font Info:    Try loading font information for TS1+cmr on input line 35.

(/usr/share/texlive/texmf-dist/tex/latex/base/ts1cmr.fd
File: ts1cmr.fd 2014/09/29 v2.5h Standard LaTeX font definitions
)
LaTeX Font Info:    ... okay on input line 35.
LaTeX Font Info:    Checking defaults for PD1/pdf/m/n on input line 35.
LaTeX Font Info:    ... okay on input line 35.
Package lastpage Info: Please have a look at the pageslts package at
(lastpage)             https://www.ctan.org/pkg/pageslts
(lastpage)             ! on input line 35.

(/usr/share/texlive/texmf-dist/tex/context/base/mkii/supp-pdf.mkii
[Loading MPS to PDF converter (version 2006.09.02).]
\scratchcounter=\count125
\scratchdimen=\dimen139
\scratchbox=\box59
\nofMPsegments=\count126
\nofMParguments=\count127
\everyMPshowfont=\toks26
\MPscratchCnt=\count128
\MPscratchDim=\dimen140
\MPnumerator=\count129
\makeMPintoPDFobject=\count130
\everyMPtoPDFconversion=\toks27
) (/usr/share/texlive/texmf-dist/tex/latex/oberdiek/epstopdf-base.sty
Package: epstopdf-base 2016/05/15 v2.6 Base part for package epstopdf

(/usr/share/texlive/texmf-dist/tex/latex/oberdiek/grfext.sty
Package: grfext 2016/05/16 v1.2 Manage graphics extensions (HO)
)
Package epstopdf-base Info: Redefining graphics rule for `.eps' on input line 4
38.
Package grfext Info: Graphics extension search list:
(grfext)             [.pdf,.png,.jpg,.mps,.jpeg,.jbig2,.jb2,.PDF,.PNG,.JPG,.JPE
G,.JBIG2,.JB2,.eps]
(grfext)             \AppendGraphicsExtensions on input line 456.

(/usr/share/texlive/texmf-dist/tex/latex/latexconfig/epstopdf-sys.cfg
File: epstopdf-sys.cfg 2010/07/13 v1.3 Configuration of (r)epstopdf for TeX Liv
e
))
\AtBeginShipoutBox=\box60
Package hyperref Info: Link coloring OFF on input line 35.

(/usr/share/texlive/texmf-dist/tex/latex/hyperref/nameref.sty
Package: nameref 2016/05/21 v2.44 Cross-referencing by name of section

(/usr/share/texlive/texmf-dist/tex/generic/oberdiek/gettitlestring.sty
Package: gettitlestring 2016/05/16 v1.5 Cleanup title references (HO)
)
\c@section@level=\count131
)
LaTeX Info: Redefining \ref on input line 35.
LaTeX Info: Redefining \pageref on input line 35.
LaTeX Info: Redefining \nameref on input line 35.

(./myreport.out) (./myreport.out)
\@outlinefile=\write4
\openout4 = `myreport.out'.

 (./myreport-concordance.tex)
LaTeX Font Info:    Try loading font information for T1+phv on input line 37.

(/usr/share/texlive/texmf-dist/tex/latex/psnfss/t1phv.fd
File: t1phv.fd 2001/06/04 scalable font definitions for T1/phv.
)
LaTeX Font Info:    Font shape `T1/phv/bx/n' in size <17.28> not available
(Font)              Font shape `T1/phv/b/n' tried instead on input line 37.
<LogoDFO.png, id=56, 1211.2452pt x 128.1588pt>
File: LogoDFO.png Graphic file (type png)
<use LogoDFO.png>
Package pdftex.def Info: LogoDFO.png  used on input line 37.
(pdftex.def)             Requested size: 188.22159pt x 19.91524pt.
<LogoCanada.jpg, id=57, 505.89pt x 159.4758pt>
File: LogoCanada.jpg Graphic file (type jpg)
<use LogoCanada.jpg>
Package pdftex.def Info: LogoCanada.jpg  used on input line 37.
(pdftex.def)             Requested size: 63.17433pt x 19.91495pt.
 [1

{/var/lib/texmf/fonts/map/pdftex/updmap/pdftex.map} <./LogoDFO.png> <./LogoCana
da.jpg>] [2

]
LaTeX Info: Redefining \\ on input line 37.

[3

]
LaTeX Font Info:    Try loading font information for TS1+aer on input line 37.
 (/usr/share/texmf/tex/latex/R/tex/latex/ts1aer.fd
File: ts1aer.fd 
)
LaTeX Font Info:    Font shape `TS1/aer/m/n' in size <10> not available
(Font)              Font shape `TS1/cmr/m/n' tried instead on input line 37.
 [4

] (./myreport.toc)
\tf@toc=\write5
\openout5 = `myreport.toc'.


[5

] (./myreport.lot)
\tf@lot=\write6
\openout6 = `myreport.lot'.

 [6

] (./myreport.lof [7

])
\tf@lof=\write7
\openout7 = `myreport.lof'.

 [8] [9

] [10

] [1


]

Package hyperref Warning: Difference (2) between bookmark levels is greater 
(hyperref)                than one, level fixed on input line 68.

[2] (./myreport.bbl

Package natbib Warning: Empty `thebibliography' environment on input line 8.

) [3]
<./figures/01_BSFieldSiteOverview.png, id=288, 433.62pt x 289.08pt>
File: ./figures/01_BSFieldSiteOverview.png Graphic file (type png)
<use ./figures/01_BSFieldSiteOverview.png>
Package pdftex.def Info: ./figures/01_BSFieldSiteOverview.png  used on input li
ne 97.
(pdftex.def)             Requested size: 341.11534pt x 227.42232pt.
<./figures/HUB.png, id=289, 614.295pt x 794.97pt>
File: ./figures/HUB.png Graphic file (type png)
<use ./figures/HUB.png>
Package pdftex.def Info: ./figures/HUB.png  used on input line 106.
(pdftex.def)             Requested size: 341.11534pt x 441.44405pt.
<./figures/ADCP.png, id=291, 614.295pt x 794.97pt>
File: ./figures/ADCP.png Graphic file (type png)
<use ./figures/ADCP.png>
Package pdftex.def Info: ./figures/ADCP.png  used on input line 113.
(pdftex.def)             Requested size: 341.11534pt x 441.44405pt.
<./figures/IPS.png, id=292, 614.295pt x 794.97pt>
File: ./figures/IPS.png Graphic file (type png)
<use ./figures/IPS.png>
Package pdftex.def Info: ./figures/IPS.png  used on input line 120.
(pdftex.def)             Requested size: 341.11534pt x 441.44405pt.
<./figures/05_mctd_2011_2012.png, id=293, 578.16pt x 722.7pt>
File: ./figures/05_mctd_2011_2012.png Graphic file (type png)
<use ./figures/05_mctd_2011_2012.png>
Package pdftex.def Info: ./figures/05_mctd_2011_2012.png  used on input line 12
9.
(pdftex.def)             Requested size: 341.11534pt x 426.3893pt.
<./figures/06_mctd_2012_2013.png, id=294, 578.16pt x 722.7pt>
File: ./figures/06_mctd_2012_2013.png Graphic file (type png)
<use ./figures/06_mctd_2012_2013.png>
Package pdftex.def Info: ./figures/06_mctd_2012_2013.png  used on input line 13
6.
(pdftex.def)             Requested size: 341.11534pt x 426.3893pt.
<./figures/07_mctd_2013_2014.png, id=295, 578.16pt x 722.7pt>
File: ./figures/07_mctd_2013_2014.png Graphic file (type png)
<use ./figures/07_mctd_2013_2014.png>
Package pdftex.def Info: ./figures/07_mctd_2013_2014.png  used on input line 14
3.
(pdftex.def)             Requested size: 341.11534pt x 426.3893pt.
<./figures/08_mctd_2014_2015.png, id=296, 578.16pt x 722.7pt>
File: ./figures/08_mctd_2014_2015.png Graphic file (type png)
<use ./figures/08_mctd_2014_2015.png>
Package pdftex.def Info: ./figures/08_mctd_2014_2015.png  used on input line 15
0.
(pdftex.def)             Requested size: 341.11534pt x 426.3893pt.
<./figures/09_mctd_2015_2016.png, id=297, 578.16pt x 722.7pt>
File: ./figures/09_mctd_2015_2016.png Graphic file (type png)
<use ./figures/09_mctd_2015_2016.png>
Package pdftex.def Info: ./figures/09_mctd_2015_2016.png  used on input line 15
7.
(pdftex.def)             Requested size: 341.11534pt x 426.3893pt.
<./figures/10_mctd_ps_2011_2012.png, id=298, 578.16pt x 722.7pt>
File: ./figures/10_mctd_ps_2011_2012.png Graphic file (type png)
<use ./figures/10_mctd_ps_2011_2012.png>
Package pdftex.def Info: ./figures/10_mctd_ps_2011_2012.png  used on input line
 166.
(pdftex.def)             Requested size: 341.11534pt x 426.3893pt.
<./figures/11_mctd_ps_2012_2013.png, id=299, 578.16pt x 722.7pt>
File: ./figures/11_mctd_ps_2012_2013.png Graphic file (type png)
<use ./figures/11_mctd_ps_2012_2013.png>
Package pdftex.def Info: ./figures/11_mctd_ps_2012_2013.png  used on input line
 173.
(pdftex.def)             Requested size: 341.11534pt x 426.3893pt.
<./figures/12_mctd_ps_2013_2014.png, id=300, 578.16pt x 722.7pt>
File: ./figures/12_mctd_ps_2013_2014.png Graphic file (type png)
<use ./figures/12_mctd_ps_2013_2014.png>
Package pdftex.def Info: ./figures/12_mctd_ps_2013_2014.png  used on input line
 180.
(pdftex.def)             Requested size: 341.11534pt x 426.3893pt.
<./figures/13_mctd_ps_2014_2015.png, id=301, 578.16pt x 722.7pt>
File: ./figures/13_mctd_ps_2014_2015.png Graphic file (type png)
<use ./figures/13_mctd_ps_2014_2015.png>
Package pdftex.def Info: ./figures/13_mctd_ps_2014_2015.png  used on input line
 187.
(pdftex.def)             Requested size: 341.11534pt x 426.3893pt.
<./figures/14_mctd_ps_2015_2016.png, id=302, 578.16pt x 722.7pt>
File: ./figures/14_mctd_ps_2015_2016.png Graphic file (type png)
<use ./figures/14_mctd_ps_2015_2016.png>
Package pdftex.def Info: ./figures/14_mctd_ps_2015_2016.png  used on input line
 194.
(pdftex.def)             Requested size: 341.11534pt x 426.3893pt.
<./figures/15_madcp_2014.png, id=303, 578.16pt x 578.16pt>
File: ./figures/15_madcp_2014.png Graphic file (type png)
<use ./figures/15_madcp_2014.png>
Package pdftex.def Info: ./figures/15_madcp_2014.png  used on input line 203.
(pdftex.def)             Requested size: 341.11534pt x 341.11143pt.
<./figures/17_madcp_lpf_2014_2015.png, id=304, 578.16pt x 578.16pt>
File: ./figures/17_madcp_lpf_2014_2015.png Graphic file (type png)
<use ./figures/17_madcp_lpf_2014_2015.png>
Package pdftex.def Info: ./figures/17_madcp_lpf_2014_2015.png  used on input li
ne 210.
(pdftex.def)             Requested size: 341.11534pt x 341.11143pt.
<./figures/18_madcp_lpf_2015_2016.png, id=305, 578.16pt x 578.16pt>
File: ./figures/18_madcp_lpf_2015_2016.png Graphic file (type png)
<use ./figures/18_madcp_lpf_2015_2016.png>
Package pdftex.def Info: ./figures/18_madcp_lpf_2015_2016.png  used on input li
ne 217.
(pdftex.def)             Requested size: 341.11534pt x 341.11143pt.
<./figures/19_lpf_TS_43m_2011_2012.png, id=306, 578.16pt x 578.16pt>
File: ./figures/19_lpf_TS_43m_2011_2012.png Graphic file (type png)
<use ./figures/19_lpf_TS_43m_2011_2012.png>
Package pdftex.def Info: ./figures/19_lpf_TS_43m_2011_2012.png  used on input l
ine 226.
(pdftex.def)             Requested size: 341.11534pt x 341.11143pt.
<./figures/20_lpf_TS_63m_2011_2012.png, id=307, 578.16pt x 578.16pt>
File: ./figures/20_lpf_TS_63m_2011_2012.png Graphic file (type png)
<use ./figures/20_lpf_TS_63m_2011_2012.png>
Package pdftex.def Info: ./figures/20_lpf_TS_63m_2011_2012.png  used on input l
ine 233.
(pdftex.def)             Requested size: 341.11534pt x 341.11143pt.
<./figures/21_lpf_TS_120m_2011_2012.png, id=308, 578.16pt x 578.16pt>
File: ./figures/21_lpf_TS_120m_2011_2012.png Graphic file (type png)
<use ./figures/21_lpf_TS_120m_2011_2012.png>
Package pdftex.def Info: ./figures/21_lpf_TS_120m_2011_2012.png  used on input 
line 240.
(pdftex.def)             Requested size: 341.11534pt x 341.11143pt.
<./figures/22_lpf_TS_41m_2012_2013.png, id=309, 578.16pt x 578.16pt>
File: ./figures/22_lpf_TS_41m_2012_2013.png Graphic file (type png)
<use ./figures/22_lpf_TS_41m_2012_2013.png>
Package pdftex.def Info: ./figures/22_lpf_TS_41m_2012_2013.png  used on input l
ine 248.
(pdftex.def)             Requested size: 341.11534pt x 341.11143pt.
<./figures/23_lpf_TS_81m_2012_2013.png, id=310, 578.16pt x 578.16pt>
File: ./figures/23_lpf_TS_81m_2012_2013.png Graphic file (type png)
<use ./figures/23_lpf_TS_81m_2012_2013.png>
Package pdftex.def Info: ./figures/23_lpf_TS_81m_2012_2013.png  used on input l
ine 255.
(pdftex.def)             Requested size: 341.11534pt x 341.11143pt.
<./figures/24_lpf_TS_155m_2012_2013.png, id=311, 578.16pt x 578.16pt>
File: ./figures/24_lpf_TS_155m_2012_2013.png Graphic file (type png)
<use ./figures/24_lpf_TS_155m_2012_2013.png>
Package pdftex.def Info: ./figures/24_lpf_TS_155m_2012_2013.png  used on input 
line 262.
(pdftex.def)             Requested size: 341.11534pt x 341.11143pt.
<./figures/25_lpf_TS_41m_2013_2014.png, id=312, 578.16pt x 578.16pt>
File: ./figures/25_lpf_TS_41m_2013_2014.png Graphic file (type png)
<use ./figures/25_lpf_TS_41m_2013_2014.png>
Package pdftex.def Info: ./figures/25_lpf_TS_41m_2013_2014.png  used on input l
ine 270.
(pdftex.def)             Requested size: 341.11534pt x 341.11143pt.
<./figures/26_lpf_TS_81m_2013_2014.png, id=313, 578.16pt x 578.16pt>
File: ./figures/26_lpf_TS_81m_2013_2014.png Graphic file (type png)
<use ./figures/26_lpf_TS_81m_2013_2014.png>
Package pdftex.def Info: ./figures/26_lpf_TS_81m_2013_2014.png  used on input l
ine 277.
(pdftex.def)             Requested size: 341.11534pt x 341.11143pt.
<./figures/27_lpf_TS_155m_2013_2014.png, id=314, 578.16pt x 578.16pt>
File: ./figures/27_lpf_TS_155m_2013_2014.png Graphic file (type png)
<use ./figures/27_lpf_TS_155m_2013_2014.png>
Package pdftex.def Info: ./figures/27_lpf_TS_155m_2013_2014.png  used on input 
line 284.
(pdftex.def)             Requested size: 341.11534pt x 341.11143pt.
<./figures/28_lpf_TS_35m_2014_2015.png, id=315, 578.16pt x 578.16pt>
File: ./figures/28_lpf_TS_35m_2014_2015.png Graphic file (type png)
<use ./figures/28_lpf_TS_35m_2014_2015.png>
Package pdftex.def Info: ./figures/28_lpf_TS_35m_2014_2015.png  used on input l
ine 292.
(pdftex.def)             Requested size: 341.11534pt x 341.11143pt.
<./figures/29_lpf_TS_47m_2014_2015.png, id=316, 578.16pt x 578.16pt>
File: ./figures/29_lpf_TS_47m_2014_2015.png Graphic file (type png)
<use ./figures/29_lpf_TS_47m_2014_2015.png>
Package pdftex.def Info: ./figures/29_lpf_TS_47m_2014_2015.png  used on input l
ine 299.
(pdftex.def)             Requested size: 341.11534pt x 341.11143pt.
<./figures/30_lpf_TS_81m_2014_2015.png, id=317, 578.16pt x 578.16pt>
File: ./figures/30_lpf_TS_81m_2014_2015.png Graphic file (type png)
<use ./figures/30_lpf_TS_81m_2014_2015.png>
Package pdftex.def Info: ./figures/30_lpf_TS_81m_2014_2015.png  used on input l
ine 306.
(pdftex.def)             Requested size: 341.11534pt x 341.11143pt.
<./figures/31_lpf_TS_155m_2014_2015.png, id=318, 578.16pt x 578.16pt>
File: ./figures/31_lpf_TS_155m_2014_2015.png Graphic file (type png)
<use ./figures/31_lpf_TS_155m_2014_2015.png>
Package pdftex.def Info: ./figures/31_lpf_TS_155m_2014_2015.png  used on input 
line 313.
(pdftex.def)             Requested size: 341.11534pt x 341.11143pt.
<./figures/32_lpf_TS_35m_2015_2016.png, id=319, 578.16pt x 578.16pt>
File: ./figures/32_lpf_TS_35m_2015_2016.png Graphic file (type png)
<use ./figures/32_lpf_TS_35m_2015_2016.png>
Package pdftex.def Info: ./figures/32_lpf_TS_35m_2015_2016.png  used on input l
ine 321.
(pdftex.def)             Requested size: 341.11534pt x 341.11143pt.
<./figures/33_lpf_TS_47m_2015_2016.png, id=320, 578.16pt x 578.16pt>
File: ./figures/33_lpf_TS_47m_2015_2016.png Graphic file (type png)
<use ./figures/33_lpf_TS_47m_2015_2016.png>
Package pdftex.def Info: ./figures/33_lpf_TS_47m_2015_2016.png  used on input l
ine 328.
(pdftex.def)             Requested size: 341.11534pt x 341.11143pt.
<./figures/34_lpf_TS_81m_2015_2016.png, id=321, 578.16pt x 578.16pt>
File: ./figures/34_lpf_TS_81m_2015_2016.png Graphic file (type png)
<use ./figures/34_lpf_TS_81m_2015_2016.png>
Package pdftex.def Info: ./figures/34_lpf_TS_81m_2015_2016.png  used on input l
ine 335.
(pdftex.def)             Requested size: 341.11534pt x 341.11143pt.
<./figures/35_lpf_TS_155m_2015_2016.png, id=322, 578.16pt x 578.16pt>
File: ./figures/35_lpf_TS_155m_2015_2016.png Graphic file (type png)
<use ./figures/35_lpf_TS_155m_2015_2016.png>
Package pdftex.def Info: ./figures/35_lpf_TS_155m_2015_2016.png  used on input 
line 342.
(pdftex.def)             Requested size: 341.11534pt x 341.11143pt.
<./figures/36_amf_2014_2015.png, id=323, 578.16pt x 361.35pt>
File: ./figures/36_amf_2014_2015.png Graphic file (type png)
<use ./figures/36_amf_2014_2015.png>
Package pdftex.def Info: ./figures/36_amf_2014_2015.png  used on input line 352
.
(pdftex.def)             Requested size: 341.11534pt x 213.19466pt.
<./figures/37_amf_2015_2016.png, id=324, 578.16pt x 361.35pt>
File: ./figures/37_amf_2015_2016.png Graphic file (type png)
<use ./figures/37_amf_2015_2016.png>
Package pdftex.def Info: ./figures/37_amf_2015_2016.png  used on input line 359
.
(pdftex.def)             Requested size: 341.11534pt x 213.19466pt.
<./figures/38_smf_lateSummer_2014.png, id=325, 578.16pt x 361.35pt>
File: ./figures/38_smf_lateSummer_2014.png Graphic file (type png)
<use ./figures/38_smf_lateSummer_2014.png>
Package pdftex.def Info: ./figures/38_smf_lateSummer_2014.png  used on input li
ne 367.
(pdftex.def)             Requested size: 341.11534pt x 213.19466pt.
<./figures/39_smf_lateSummer_2015.png, id=326, 578.16pt x 361.35pt>
File: ./figures/39_smf_lateSummer_2015.png Graphic file (type png)
<use ./figures/39_smf_lateSummer_2015.png>
Package pdftex.def Info: ./figures/39_smf_lateSummer_2015.png  used on input li
ne 374.
(pdftex.def)             Requested size: 341.11534pt x 213.19466pt.
<./figures/40_smf_fall_2014.png, id=327, 578.16pt x 361.35pt>
File: ./figures/40_smf_fall_2014.png Graphic file (type png)
<use ./figures/40_smf_fall_2014.png>
Package pdftex.def Info: ./figures/40_smf_fall_2014.png  used on input line 382
.
(pdftex.def)             Requested size: 341.11534pt x 213.19466pt.
<./figures/41_smf_fall_2015.png, id=328, 578.16pt x 361.35pt>
File: ./figures/41_smf_fall_2015.png Graphic file (type png)
<use ./figures/41_smf_fall_2015.png>
Package pdftex.def Info: ./figures/41_smf_fall_2015.png  used on input line 389
.
(pdftex.def)             Requested size: 341.11534pt x 213.19466pt.
<./figures/42_smf_winter_2015.png, id=329, 578.16pt x 361.35pt>
File: ./figures/42_smf_winter_2015.png Graphic file (type png)
<use ./figures/42_smf_winter_2015.png>
Package pdftex.def Info: ./figures/42_smf_winter_2015.png  used on input line 3
97.
(pdftex.def)             Requested size: 341.11534pt x 213.19466pt.
<./figures/43_smf_winter_2016.png, id=330, 578.16pt x 361.35pt>
File: ./figures/43_smf_winter_2016.png Graphic file (type png)
<use ./figures/43_smf_winter_2016.png>
Package pdftex.def Info: ./figures/43_smf_winter_2016.png  used on input line 4
04.
(pdftex.def)             Requested size: 341.11534pt x 213.19466pt.
<./figures/44_smf_spring_2015.png, id=331, 578.16pt x 361.35pt>
File: ./figures/44_smf_spring_2015.png Graphic file (type png)
<use ./figures/44_smf_spring_2015.png>
Package pdftex.def Info: ./figures/44_smf_spring_2015.png  used on input line 4
12.
(pdftex.def)             Requested size: 341.11534pt x 213.19466pt.
<./figures/45_smf_spring_2016.png, id=332, 578.16pt x 361.35pt>
File: ./figures/45_smf_spring_2016.png Graphic file (type png)
<use ./figures/45_smf_spring_2016.png>
Package pdftex.def Info: ./figures/45_smf_spring_2016.png  used on input line 4
19.
(pdftex.def)             Requested size: 341.11534pt x 213.19466pt.
<./figures/46_smf_earlySummer_2015.png, id=333, 578.16pt x 361.35pt>
File: ./figures/46_smf_earlySummer_2015.png Graphic file (type png)
<use ./figures/46_smf_earlySummer_2015.png>
Package pdftex.def Info: ./figures/46_smf_earlySummer_2015.png  used on input l
ine 427.
(pdftex.def)             Requested size: 341.11534pt x 213.19466pt.
<./figures/47_smf_earlySummer_2016.png, id=334, 578.16pt x 361.35pt>
File: ./figures/47_smf_earlySummer_2016.png Graphic file (type png)
<use ./figures/47_smf_earlySummer_2016.png>
Package pdftex.def Info: ./figures/47_smf_earlySummer_2016.png  used on input l
ine 434.
(pdftex.def)             Requested size: 341.11534pt x 213.19466pt.
<./figures/48_M2TC_if_2014.png, id=335, 2007.5pt x 1204.5pt>
File: ./figures/48_M2TC_if_2014.png Graphic file (type png)
<use ./figures/48_M2TC_if_2014.png>
Package pdftex.def Info: ./figures/48_M2TC_if_2014.png  used on input line 443.

(pdftex.def)             Requested size: 341.11534pt x 204.6704pt.
<./figures/49_S2TC_if_2014.png, id=336, 2007.5pt x 1204.5pt>
File: ./figures/49_S2TC_if_2014.png Graphic file (type png)
<use ./figures/49_S2TC_if_2014.png>
Package pdftex.def Info: ./figures/49_S2TC_if_2014.png  used on input line 450.

(pdftex.def)             Requested size: 341.11534pt x 204.6704pt.
<./figures/50_K1TC_if_2014.png, id=337, 2007.5pt x 1204.5pt>
File: ./figures/50_K1TC_if_2014.png Graphic file (type png)
<use ./figures/50_K1TC_if_2014.png>
Package pdftex.def Info: ./figures/50_K1TC_if_2014.png  used on input line 457.

(pdftex.def)             Requested size: 341.11534pt x 204.6704pt.
<./figures/51_O1TC_if_2014.png, id=338, 2007.5pt x 1204.5pt>
File: ./figures/51_O1TC_if_2014.png Graphic file (type png)
<use ./figures/51_O1TC_if_2014.png>
Package pdftex.def Info: ./figures/51_O1TC_if_2014.png  used on input line 464.

(pdftex.def)             Requested size: 341.11534pt x 204.6704pt.
<./figures/52_P1TC_if_2014.png, id=339, 2007.5pt x 1204.5pt>
File: ./figures/52_P1TC_if_2014.png Graphic file (type png)
<use ./figures/52_P1TC_if_2014.png>
Package pdftex.def Info: ./figures/52_P1TC_if_2014.png  used on input line 471.

(pdftex.def)             Requested size: 341.11534pt x 204.6704pt.
<./figures/53_M2TC_if_2015.png, id=340, 2007.5pt x 1204.5pt>
File: ./figures/53_M2TC_if_2015.png Graphic file (type png)
<use ./figures/53_M2TC_if_2015.png>
Package pdftex.def Info: ./figures/53_M2TC_if_2015.png  used on input line 479.

(pdftex.def)             Requested size: 341.11534pt x 204.6704pt.
<./figures/54_M2TC_si_2015.png, id=341, 2007.5pt x 1204.5pt>
File: ./figures/54_M2TC_si_2015.png Graphic file (type png)
<use ./figures/54_M2TC_si_2015.png>
Package pdftex.def Info: ./figures/54_M2TC_si_2015.png  used on input line 486.

(pdftex.def)             Requested size: 341.11534pt x 204.6704pt.
<./figures/55_S2TC_if_2015.png, id=342, 2007.5pt x 1204.5pt>
File: ./figures/55_S2TC_if_2015.png Graphic file (type png)
<use ./figures/55_S2TC_if_2015.png>
Package pdftex.def Info: ./figures/55_S2TC_if_2015.png  used on input line 494.

(pdftex.def)             Requested size: 341.11534pt x 204.6704pt.
<./figures/56_S2TC_si_2015.png, id=343, 2007.5pt x 1204.5pt>
File: ./figures/56_S2TC_si_2015.png Graphic file (type png)
<use ./figures/56_S2TC_si_2015.png>
Package pdftex.def Info: ./figures/56_S2TC_si_2015.png  used on input line 501.

(pdftex.def)             Requested size: 341.11534pt x 204.6704pt.
<./figures/57_K1TC_if_2015.png, id=344, 2007.5pt x 1204.5pt>
File: ./figures/57_K1TC_if_2015.png Graphic file (type png)
<use ./figures/57_K1TC_if_2015.png>
Package pdftex.def Info: ./figures/57_K1TC_if_2015.png  used on input line 509.

(pdftex.def)             Requested size: 341.11534pt x 204.6704pt.
<./figures/58_K1TC_si_2015.png, id=345, 2007.5pt x 1204.5pt>
File: ./figures/58_K1TC_si_2015.png Graphic file (type png)
<use ./figures/58_K1TC_si_2015.png>
Package pdftex.def Info: ./figures/58_K1TC_si_2015.png  used on input line 516.

(pdftex.def)             Requested size: 341.11534pt x 204.6704pt.
<./figures/59_O1TC_if_2015.png, id=346, 2007.5pt x 1204.5pt>
File: ./figures/59_O1TC_if_2015.png Graphic file (type png)
<use ./figures/59_O1TC_if_2015.png>
Package pdftex.def Info: ./figures/59_O1TC_if_2015.png  used on input line 524.

(pdftex.def)             Requested size: 341.11534pt x 204.6704pt.
<./figures/60_O1TC_si_2015.png, id=347, 2007.5pt x 1204.5pt>
File: ./figures/60_O1TC_si_2015.png Graphic file (type png)
<use ./figures/60_O1TC_si_2015.png>
Package pdftex.def Info: ./figures/60_O1TC_si_2015.png  used on input line 531.

(pdftex.def)             Requested size: 341.11534pt x 204.6704pt.
<./figures/61_P1TC_if_2015.png, id=348, 2007.5pt x 1204.5pt>
File: ./figures/61_P1TC_if_2015.png Graphic file (type png)
<use ./figures/61_P1TC_if_2015.png>
Package pdftex.def Info: ./figures/61_P1TC_if_2015.png  used on input line 539.

(pdftex.def)             Requested size: 341.11534pt x 204.6704pt.
<./figures/62_P1TC_si_2015.png, id=349, 2007.5pt x 1204.5pt>
File: ./figures/62_P1TC_si_2015.png Graphic file (type png)
<use ./figures/62_P1TC_si_2015.png>
Package pdftex.def Info: ./figures/62_P1TC_si_2015.png  used on input line 546.

(pdftex.def)             Requested size: 341.11534pt x 204.6704pt.
<./figures/63_iceDraft_2014_2015.png, id=350, 578.16pt x 722.7pt>
File: ./figures/63_iceDraft_2014_2015.png Graphic file (type png)
<use ./figures/63_iceDraft_2014_2015.png>
Package pdftex.def Info: ./figures/63_iceDraft_2014_2015.png  used on input lin
e 555.
(pdftex.def)             Requested size: 341.11534pt x 426.3893pt.
<./figures/64_iceDraft_2015_2016.png, id=351, 578.16pt x 722.7pt>
File: ./figures/64_iceDraft_2015_2016.png Graphic file (type png)
<use ./figures/64_iceDraft_2015_2016.png>
Package pdftex.def Info: ./figures/64_iceDraft_2015_2016.png  used on input lin
e 562.
(pdftex.def)             Requested size: 341.11534pt x 426.3893pt.
<./figures/65_iceHist_2014_2015.png, id=352, 578.16pt x 722.7pt>
File: ./figures/65_iceHist_2014_2015.png Graphic file (type png)
<use ./figures/65_iceHist_2014_2015.png>
Package pdftex.def Info: ./figures/65_iceHist_2014_2015.png  used on input line
 572.
(pdftex.def)             Requested size: 341.11534pt x 426.3893pt.
<./figures/66_iceHist_2015_2016.png, id=353, 578.16pt x 722.7pt>
File: ./figures/66_iceHist_2015_2016.png Graphic file (type png)
<use ./figures/66_iceHist_2015_2016.png>
Package pdftex.def Info: ./figures/66_iceHist_2015_2016.png  used on input line
 579.
(pdftex.def)             Requested size: 341.11534pt x 426.3893pt.
<./figures/67_iceDraftStat_2014_2015.png, id=354, 722.7pt x 433.62pt>
File: ./figures/67_iceDraftStat_2014_2015.png Graphic file (type png)
<use ./figures/67_iceDraftStat_2014_2015.png>
Package pdftex.def Info: ./figures/67_iceDraftStat_2014_2015.png  used on input
 line 588.
(pdftex.def)             Requested size: 341.11534pt x 204.66818pt.
<./figures/68_iceDraftStat_2015_2016.png, id=355, 722.7pt x 433.62pt>
File: ./figures/68_iceDraftStat_2015_2016.png Graphic file (type png)
<use ./figures/68_iceDraftStat_2015_2016.png>
Package pdftex.def Info: ./figures/68_iceDraftStat_2015_2016.png  used on input
 line 595.
(pdftex.def)             Requested size: 341.11534pt x 204.66818pt.
<./figures/69_iceVel_2014_2015.png, id=356, 722.7pt x 578.16pt>
File: ./figures/69_iceVel_2014_2015.png Graphic file (type png)
<use ./figures/69_iceVel_2014_2015.png>
Package pdftex.def Info: ./figures/69_iceVel_2014_2015.png  used on input line 
604.
(pdftex.def)             Requested size: 341.11534pt x 272.89091pt.
<./figures/70_iceVel_2015_2016.png, id=357, 722.7pt x 578.16pt>
File: ./figures/70_iceVel_2015_2016.png Graphic file (type png)
<use ./figures/70_iceVel_2015_2016.png>
Package pdftex.def Info: ./figures/70_iceVel_2015_2016.png  used on input line 
611.
(pdftex.def)             Requested size: 341.11534pt x 272.89091pt.
 [4pdfTeX warning (ext4): destination with the same identifier (name{figure.1})
 has been already used, duplicate ignored

\AtBegShi@Output ...ipout \box \AtBeginShipoutBox 
                                                  \fi \fi 
l.619 \begin{landscape}
                        <./figures/01_BSFieldSiteOverview.png>] [5pdfTeX warnin
g (ext4): destination with the same identifier (name{figure.2}) has been alread
y used, duplicate ignored

\AtBegShi@Output ...ipout \box \AtBeginShipoutBox 
                                                  \fi \fi 
l.619 \begin{landscape}
                        <./figures/HUB.png>] [6pdfTeX warning (ext4): destinati
on with the same identifier (name{figure.3}) has been already used, duplicate i
gnored

\AtBegShi@Output ...ipout \box \AtBeginShipoutBox 
                                                  \fi \fi 
l.619 \begin{landscape}
                        <./figures/ADCP.png>] [7pdfTeX warning (ext4): destinat
ion with the same identifier (name{figure.4}) has been already used, duplicate 
ignored

\AtBegShi@Output ...ipout \box \AtBeginShipoutBox 
                                                  \fi \fi 
l.619 \begin{landscape}
                        <./figures/IPS.png>] [8pdfTeX warning (ext4): destinati
on with the same identifier (name{figure.5}) has been already used, duplicate i
gnored

\AtBegShi@Output ...ipout \box \AtBeginShipoutBox 
                                                  \fi \fi 
l.619 \begin{landscape}
                        <./figures/05_mctd_2011_2012.png (PNG copy)>] [9pdfTeX 
warning (ext4): destination with the same identifier (name{figure.6}) has been 
already used, duplicate ignored

\AtBegShi@Output ...ipout \box \AtBeginShipoutBox 
                                                  \fi \fi 
l.619 \begin{landscape}
                        <./figures/06_mctd_2012_2013.png (PNG copy)>] [10pdfTeX
 warning (ext4): destination with the same identifier (name{figure.7}) has been
 already used, duplicate ignored

\AtBegShi@Output ...ipout \box \AtBeginShipoutBox 
                                                  \fi \fi 
l.619 \begin{landscape}
                        <./figures/07_mctd_2013_2014.png (PNG copy)>] [11pdfTeX
 warning (ext4): destination with the same identifier (name{figure.8}) has been
 already used, duplicate ignored

\AtBegShi@Output ...ipout \box \AtBeginShipoutBox 
                                                  \fi \fi 
l.619 \begin{landscape}
                        <./figures/08_mctd_2014_2015.png (PNG copy)>] [12pdfTeX
 warning (ext4): destination with the same identifier (name{figure.9}) has been
 already used, duplicate ignored

\AtBegShi@Output ...ipout \box \AtBeginShipoutBox 
                                                  \fi \fi 
l.619 \begin{landscape}
                        <./figures/09_mctd_2015_2016.png (PNG copy)>] [13pdfTeX
 warning (ext4): destination with the same identifier (name{figure.10}) has bee
n already used, duplicate ignored

\AtBegShi@Output ...ipout \box \AtBeginShipoutBox 
                                                  \fi \fi 
l.619 \begin{landscape}
                        <./figures/10_mctd_ps_2011_2012.png (PNG copy)>]
[14pdfTeX warning (ext4): destination with the same identifier (name{figure.11}
) has been already used, duplicate ignored

\AtBegShi@Output ...ipout \box \AtBeginShipoutBox 
                                                  \fi \fi 
l.619 \begin{landscape}
                        <./figures/11_mctd_ps_2012_2013.png (PNG copy)>]
[15pdfTeX warning (ext4): destination with the same identifier (name{figure.12}
) has been already used, duplicate ignored

\AtBegShi@Output ...ipout \box \AtBeginShipoutBox 
                                                  \fi \fi 
l.619 \begin{landscape}
                        <./figures/12_mctd_ps_2013_2014.png (PNG copy)>]
[16pdfTeX warning (ext4): destination with the same identifier (name{figure.13}
) has been already used, duplicate ignored

\AtBegShi@Output ...ipout \box \AtBeginShipoutBox 
                                                  \fi \fi 
l.619 \begin{landscape}
                        <./figures/13_mctd_ps_2014_2015.png (PNG copy)>]
[17pdfTeX warning (ext4): destination with the same identifier (name{figure.14}
) has been already used, duplicate ignored

\AtBegShi@Output ...ipout \box \AtBeginShipoutBox 
                                                  \fi \fi 
l.619 \begin{landscape}
                        <./figures/14_mctd_ps_2015_2016.png (PNG copy)>]
[18pdfTeX warning (ext4): destination with the same identifier (name{figure.15}
) has been already used, duplicate ignored

\AtBegShi@Output ...ipout \box \AtBeginShipoutBox 
                                                  \fi \fi 
l.619 \begin{landscape}
                        <./figures/15_madcp_2014.png (PNG copy)>] [19pdfTeX war
ning (ext4): destination with the same identifier (name{figure.16}) has been al
ready used, duplicate ignored

\AtBegShi@Output ...ipout \box \AtBeginShipoutBox 
                                                  \fi \fi 
l.619 \begin{landscape}
                        <./figures/17_madcp_lpf_2014_2015.png (PNG copy)>]
[20pdfTeX warning (ext4): destination with the same identifier (name{figure.17}
) has been already used, duplicate ignored

\AtBegShi@Output ...ipout \box \AtBeginShipoutBox 
                                                  \fi \fi 
l.619 \begin{landscape}
                        <./figures/18_madcp_lpf_2015_2016.png (PNG copy)>]
[21pdfTeX warning (ext4): destination with the same identifier (name{figure.18}
) has been already used, duplicate ignored

\AtBegShi@Output ...ipout \box \AtBeginShipoutBox 
                                                  \fi \fi 
l.619 \begin{landscape}
                        <./figures/19_lpf_TS_43m_2011_2012.png>] [22pdfTeX warn
ing (ext4): destination with the same identifier (name{figure.19}) has been alr
eady used, duplicate ignored

\AtBegShi@Output ...ipout \box \AtBeginShipoutBox 
                                                  \fi \fi 
l.619 \begin{landscape}
                        <./figures/20_lpf_TS_63m_2011_2012.png>] [23pdfTeX warn
ing (ext4): destination with the same identifier (name{figure.20}) has been alr
eady used, duplicate ignored

\AtBegShi@Output ...ipout \box \AtBeginShipoutBox 
                                                  \fi \fi 
l.619 \begin{landscape}
                        <./figures/21_lpf_TS_120m_2011_2012.png>] [24pdfTeX war
ning (ext4): destination with the same identifier (name{figure.21}) has been al
ready used, duplicate ignored

\AtBegShi@Output ...ipout \box \AtBeginShipoutBox 
                                                  \fi \fi 
l.619 \begin{landscape}
                        <./figures/22_lpf_TS_41m_2012_2013.png>] [25pdfTeX warn
ing (ext4): destination with the same identifier (name{figure.22}) has been alr
eady used, duplicate ignored

\AtBegShi@Output ...ipout \box \AtBeginShipoutBox 
                                                  \fi \fi 
l.619 \begin{landscape}
                        <./figures/23_lpf_TS_81m_2012_2013.png>] [26pdfTeX warn
ing (ext4): destination with the same identifier (name{figure.23}) has been alr
eady used, duplicate ignored

\AtBegShi@Output ...ipout \box \AtBeginShipoutBox 
                                                  \fi \fi 
l.619 \begin{landscape}
                        <./figures/24_lpf_TS_155m_2012_2013.png>] [27pdfTeX war
ning (ext4): destination with the same identifier (name{figure.24}) has been al
ready used, duplicate ignored

\AtBegShi@Output ...ipout \box \AtBeginShipoutBox 
                                                  \fi \fi 
l.619 \begin{landscape}
                        <./figures/25_lpf_TS_41m_2013_2014.png>] [28pdfTeX warn
ing (ext4): destination with the same identifier (name{figure.25}) has been alr
eady used, duplicate ignored

\AtBegShi@Output ...ipout \box \AtBeginShipoutBox 
                                                  \fi \fi 
l.619 \begin{landscape}
                        <./figures/26_lpf_TS_81m_2013_2014.png>] [29pdfTeX warn
ing (ext4): destination with the same identifier (name{figure.26}) has been alr
eady used, duplicate ignored

\AtBegShi@Output ...ipout \box \AtBeginShipoutBox 
                                                  \fi \fi 
l.619 \begin{landscape}
                        <./figures/27_lpf_TS_155m_2013_2014.png>] [30pdfTeX war
ning (ext4): destination with the same identifier (name{figure.27}) has been al
ready used, duplicate ignored

\AtBegShi@Output ...ipout \box \AtBeginShipoutBox 
                                                  \fi \fi 
l.619 \begin{landscape}
                        <./figures/28_lpf_TS_35m_2014_2015.png>] [31pdfTeX warn
ing (ext4): destination with the same identifier (name{figure.28}) has been alr
eady used, duplicate ignored

\AtBegShi@Output ...ipout \box \AtBeginShipoutBox 
                                                  \fi \fi 
l.619 \begin{landscape}
                        <./figures/29_lpf_TS_47m_2014_2015.png>] [32pdfTeX warn
ing (ext4): destination with the same identifier (name{figure.29}) has been alr
eady used, duplicate ignored

\AtBegShi@Output ...ipout \box \AtBeginShipoutBox 
                                                  \fi \fi 
l.619 \begin{landscape}
                        <./figures/30_lpf_TS_81m_2014_2015.png>] [33pdfTeX warn
ing (ext4): destination with the same identifier (name{figure.30}) has been alr
eady used, duplicate ignored

\AtBegShi@Output ...ipout \box \AtBeginShipoutBox 
                                                  \fi \fi 
l.619 \begin{landscape}
                        <./figures/31_lpf_TS_155m_2014_2015.png>] [34pdfTeX war
ning (ext4): destination with the same identifier (name{figure.31}) has been al
ready used, duplicate ignored

\AtBegShi@Output ...ipout \box \AtBeginShipoutBox 
                                                  \fi \fi 
l.619 \begin{landscape}
                        <./figures/32_lpf_TS_35m_2015_2016.png>] [35pdfTeX warn
ing (ext4): destination with the same identifier (name{figure.32}) has been alr
eady used, duplicate ignored

\AtBegShi@Output ...ipout \box \AtBeginShipoutBox 
                                                  \fi \fi 
l.619 \begin{landscape}
                        <./figures/33_lpf_TS_47m_2015_2016.png>] [36pdfTeX warn
ing (ext4): destination with the same identifier (name{figure.33}) has been alr
eady used, duplicate ignored

\AtBegShi@Output ...ipout \box \AtBeginShipoutBox 
                                                  \fi \fi 
l.619 \begin{landscape}
                        <./figures/34_lpf_TS_81m_2015_2016.png>] [37pdfTeX warn
ing (ext4): destination with the same identifier (name{figure.34}) has been alr
eady used, duplicate ignored

\AtBegShi@Output ...ipout \box \AtBeginShipoutBox 
                                                  \fi \fi 
l.619 \begin{landscape}
                       pdfTeX warning (ext4): destination with the same identif
ier (name{figure.35}) has been already used, duplicate ignored

\AtBegShi@Output ...ipout \box \AtBeginShipoutBox 
                                                  \fi \fi 
l.619 \begin{landscape}
                        <./figures/35_lpf_TS_155m_2015_2016.png> <./figures/36_
amf_2014_2015.png>] [38pdfTeX warning (ext4): destination with the same identif
ier (name{figure.36}) has been already used, duplicate ignored

\AtBegShi@Output ...ipout \box \AtBeginShipoutBox 
                                                  \fi \fi 
l.619 \begin{landscape}
                       pdfTeX warning (ext4): destination with the same identif
ier (name{figure.37}) has been already used, duplicate ignored

\AtBegShi@Output ...ipout \box \AtBeginShipoutBox 
                                                  \fi \fi 
l.619 \begin{landscape}
                        <./figures/37_amf_2015_2016.png> <./figures/38_smf_late
Summer_2014.png>] [39pdfTeX warning (ext4): destination with the same identifie
r (name{figure.38}) has been already used, duplicate ignored

\AtBegShi@Output ...ipout \box \AtBeginShipoutBox 
                                                  \fi \fi 
l.619 \begin{landscape}
                       pdfTeX warning (ext4): destination with the same identif
ier (name{figure.39}) has been already used, duplicate ignored

\AtBegShi@Output ...ipout \box \AtBeginShipoutBox 
                                                  \fi \fi 
l.619 \begin{landscape}
                        <./figures/39_smf_lateSummer_2015.png> <./figures/40_sm
f_fall_2014.png>] [40pdfTeX warning (ext4): destination with the same identifie
r (name{figure.40}) has been already used, duplicate ignored

\AtBegShi@Output ...ipout \box \AtBeginShipoutBox 
                                                  \fi \fi 
l.619 \begin{landscape}
                       pdfTeX warning (ext4): destination with the same identif
ier (name{figure.41}) has been already used, duplicate ignored

\AtBegShi@Output ...ipout \box \AtBeginShipoutBox 
                                                  \fi \fi 
l.619 \begin{landscape}
                        <./figures/41_smf_fall_2015.png> <./figures/42_smf_wint
er_2015.png>] [41pdfTeX warning (ext4): destination with the same identifier (n
ame{figure.42}) has been already used, duplicate ignored

\AtBegShi@Output ...ipout \box \AtBeginShipoutBox 
                                                  \fi \fi 
l.619 \begin{landscape}
                       pdfTeX warning (ext4): destination with the same identif
ier (name{figure.43}) has been already used, duplicate ignored

\AtBegShi@Output ...ipout \box \AtBeginShipoutBox 
                                                  \fi \fi 
l.619 \begin{landscape}
                        <./figures/43_smf_winter_2016.png> <./figures/44_smf_sp
ring_2015.png>] [42pdfTeX warning (ext4): destination with the same identifier 
(name{figure.44}) has been already used, duplicate ignored

\AtBegShi@Output ...ipout \box \AtBeginShipoutBox 
                                                  \fi \fi 
l.619 \begin{landscape}
                       pdfTeX warning (ext4): destination with the same identif
ier (name{figure.45}) has been already used, duplicate ignored

\AtBegShi@Output ...ipout \box \AtBeginShipoutBox 
                                                  \fi \fi 
l.619 \begin{landscape}
                        <./figures/45_smf_spring_2016.png> <./figures/46_smf_ea
rlySummer_2015.png>] [43pdfTeX warning (ext4): destination with the same identi
fier (name{figure.46}) has been already used, duplicate ignored

\AtBegShi@Output ...ipout \box \AtBeginShipoutBox 
                                                  \fi \fi 
l.619 \begin{landscape}
                       pdfTeX warning (ext4): destination with the same identif
ier (name{figure.47}) has been already used, duplicate ignored

\AtBegShi@Output ...ipout \box \AtBeginShipoutBox 
                                                  \fi \fi 
l.619 \begin{landscape}
                        <./figures/47_smf_earlySummer_2016.png> <./figures/48_M
2TC_if_2014.png>] [44pdfTeX warning (ext4): destination with the same identifie
r (name{figure.48}) has been already used, duplicate ignored

\AtBegShi@Output ...ipout \box \AtBeginShipoutBox 
                                                  \fi \fi 
l.619 \begin{landscape}
                       pdfTeX warning (ext4): destination with the same identif
ier (name{figure.49}) has been already used, duplicate ignored

\AtBegShi@Output ...ipout \box \AtBeginShipoutBox 
                                                  \fi \fi 
l.619 \begin{landscape}
                        <./figures/49_S2TC_if_2014.png> <./figures/50_K1TC_if_2
014.png>] [45pdfTeX warning (ext4): destination with the same identifier (name{
figure.50}) has been already used, duplicate ignored

\AtBegShi@Output ...ipout \box \AtBeginShipoutBox 
                                                  \fi \fi 
l.619 \begin{landscape}
                       pdfTeX warning (ext4): destination with the same identif
ier (name{figure.51}) has been already used, duplicate ignored

\AtBegShi@Output ...ipout \box \AtBeginShipoutBox 
                                                  \fi \fi 
l.619 \begin{landscape}
                        <./figures/51_O1TC_if_2014.png> <./figures/52_P1TC_if_2
014.png>] [46pdfTeX warning (ext4): destination with the same identifier (name{
figure.52}) has been already used, duplicate ignored

\AtBegShi@Output ...ipout \box \AtBeginShipoutBox 
                                                  \fi \fi 
l.619 \begin{landscape}
                       pdfTeX warning (ext4): destination with the same identif
ier (name{figure.53}) has been already used, duplicate ignored

\AtBegShi@Output ...ipout \box \AtBeginShipoutBox 
                                                  \fi \fi 
l.619 \begin{landscape}
                        <./figures/53_M2TC_if_2015.png> <./figures/54_M2TC_si_2
015.png>] [47pdfTeX warning (ext4): destination with the same identifier (name{
figure.54}) has been already used, duplicate ignored

\AtBegShi@Output ...ipout \box \AtBeginShipoutBox 
                                                  \fi \fi 
l.619 \begin{landscape}
                       pdfTeX warning (ext4): destination with the same identif
ier (name{figure.55}) has been already used, duplicate ignored

\AtBegShi@Output ...ipout \box \AtBeginShipoutBox 
                                                  \fi \fi 
l.619 \begin{landscape}
                        <./figures/55_S2TC_if_2015.png> <./figures/56_S2TC_si_2
015.png>] [48pdfTeX warning (ext4): destination with the same identifier (name{
figure.56}) has been already used, duplicate ignored

\AtBegShi@Output ...ipout \box \AtBeginShipoutBox 
                                                  \fi \fi 
l.619 \begin{landscape}
                       pdfTeX warning (ext4): destination with the same identif
ier (name{figure.57}) has been already used, duplicate ignored

\AtBegShi@Output ...ipout \box \AtBeginShipoutBox 
                                                  \fi \fi 
l.619 \begin{landscape}
                        <./figures/57_K1TC_if_2015.png> <./figures/58_K1TC_si_2
015.png>] [49pdfTeX warning (ext4): destination with the same identifier (name{
figure.58}) has been already used, duplicate ignored

\AtBegShi@Output ...ipout \box \AtBeginShipoutBox 
                                                  \fi \fi 
l.619 \begin{landscape}
                       pdfTeX warning (ext4): destination with the same identif
ier (name{figure.59}) has been already used, duplicate ignored

\AtBegShi@Output ...ipout \box \AtBeginShipoutBox 
                                                  \fi \fi 
l.619 \begin{landscape}
                        <./figures/59_O1TC_if_2015.png> <./figures/60_O1TC_si_2
015.png>] [50pdfTeX warning (ext4): destination with the same identifier (name{
figure.60}) has been already used, duplicate ignored

\AtBegShi@Output ...ipout \box \AtBeginShipoutBox 
                                                  \fi \fi 
l.619 \begin{landscape}
                       pdfTeX warning (ext4): destination with the same identif
ier (name{figure.61}) has been already used, duplicate ignored

\AtBegShi@Output ...ipout \box \AtBeginShipoutBox 
                                                  \fi \fi 
l.619 \begin{landscape}
                        <./figures/61_P1TC_if_2015.png> <./figures/62_P1TC_si_2
015.png>] [51pdfTeX warning (ext4): destination with the same identifier (name{
figure.62}) has been already used, duplicate ignored

\AtBegShi@Output ...ipout \box \AtBeginShipoutBox 
                                                  \fi \fi 
l.619 \begin{landscape}
                        <./figures/63_iceDraft_2014_2015.png>] [52pdfTeX warnin
g (ext4): destination with the same identifier (name{figure.63}) has been alrea
dy used, duplicate ignored

\AtBegShi@Output ...ipout \box \AtBeginShipoutBox 
                                                  \fi \fi 
l.619 \begin{landscape}
                        <./figures/64_iceDraft_2015_2016.png>] [53pdfTeX warnin
g (ext4): destination with the same identifier (name{figure.64}) has been alrea
dy used, duplicate ignored

\AtBegShi@Output ...ipout \box \AtBeginShipoutBox 
                                                  \fi \fi 
l.619 \begin{landscape}
                        <./figures/65_iceHist_2014_2015.png>] [54pdfTeX warning
 (ext4): destination with the same identifier (name{figure.65}) has been alread
y used, duplicate ignored

\AtBegShi@Output ...ipout \box \AtBeginShipoutBox 
                                                  \fi \fi 
l.619 \begin{landscape}
                        <./figures/66_iceHist_2015_2016.png>] [55pdfTeX warning
 (ext4): destination with the same identifier (name{figure.66}) has been alread
y used, duplicate ignored

\AtBegShi@Output ...ipout \box \AtBeginShipoutBox 
                                                  \fi \fi 
l.619 \begin{landscape}
                       pdfTeX warning (ext4): destination with the same identif
ier (name{figure.67}) has been already used, duplicate ignored

\AtBegShi@Output ...ipout \box \AtBeginShipoutBox 
                                                  \fi \fi 
l.619 \begin{landscape}
                        <./figures/67_iceDraftStat_2014_2015.png (PNG copy)> <.
/figures/68_iceDraftStat_2015_2016.png (PNG copy)>] [56pdfTeX warning (ext4): d
estination with the same identifier (name{figure.68}) has been already used, du
plicate ignored

\AtBegShi@Output ...ipout \box \AtBeginShipoutBox 
                                                  \fi \fi 
l.619 \begin{landscape}
                       pdfTeX warning (ext4): destination with the same identif
ier (name{figure.69}) has been already used, duplicate ignored

\AtBegShi@Output ...ipout \box \AtBeginShipoutBox 
                                                  \fi \fi 
l.619 \begin{landscape}
                        <./figures/69_iceVel_2014_2015.png> <./figures/70_iceVe
l_2015_2016.png>]
Underfull \hbox (badness 10000) in paragraph at lines 626--626
[]|\T1/aer/m/n/10 BIO Con-
 []


Underfull \hbox (badness 10000) in paragraph at lines 626--626
\T1/aer/m/n/10 sec-u-tive
 []


Underfull \hbox (badness 10000) in paragraph at lines 626--626
\T1/aer/m/n/10 Moor-ing
 []


Underfull \hbox (badness 10000) in paragraph at lines 626--626
[]|\T1/aer/m/n/10 Mooring
 []


Underfull \hbox (badness 10000) in paragraph at lines 626--626
[]|\T1/aer/m/n/10 Instrument
 []


Underfull \hbox (badness 10000) in paragraph at lines 626--626
[]|\T1/aer/m/n/10 Serial
 []


Underfull \hbox (badness 10000) in paragraph at lines 626--626
[]|\T1/aer/m/n/10 Moored
 []


Underfull \hbox (badness 10000) in paragraph at lines 626--626
[]|\T1/aer/m/n/10 Sounding
 []


Underfull \hbox (badness 10000) in paragraph at lines 626--626
[]|\T1/aer/m/n/10 Longitude
 []


Underfull \hbox (badness 10000) in paragraph at lines 626--626
[]|\T1/aer/m/n/10 Start
 []


Underfull \hbox (badness 10000) in paragraph at lines 626--626
\T1/aer/m/n/10 Date-Time
 []


Underfull \hbox (badness 2856) in paragraph at lines 626--626
[]|\T1/aer/m/n/10 End Date-
 []


Underfull \hbox (badness 10000) in paragraph at lines 626--626
\T1/aer/m/n/10 Time
 []


Underfull \hbox (badness 10000) in paragraph at lines 626--627
[]|\T1/aer/m/n/10 Sampling
 []


Underfull \hbox (badness 10000) in paragraph at lines 626--627
\T1/aer/m/n/10 In-ter-val
 []


Underfull \hbox (badness 10000) in paragraph at lines 628--628
[]|\T1/aer/m/n/10 07-Aug-
 []


Underfull \hbox (badness 10000) in paragraph at lines 628--628
[]|\T1/aer/m/n/10 07-Aug-
 []


Overfull \hbox (78.9552pt too wide) in paragraph at lines 625--631
 [][] 
 []


Overfull \hbox (7.46855pt too wide) in paragraph at lines 641--641
[]|\T1/aer/m/n/10 ADCP| 
 []


Overfull \hbox (3.31613pt too wide) in paragraph at lines 641--641
[]|\T1/aer/m/n/10 Avg| 
 []


Overfull \hbox (3.02596pt too wide) in paragraph at lines 641--641
[]|\T1/aer/m/n/10 Min| 
 []


Overfull \hbox (4.97603pt too wide) in paragraph at lines 641--641
[]|\T1/aer/m/n/10 Max| 
 []


Overfull \hbox (3.31613pt too wide) in paragraph at lines 641--641
[]|\T1/aer/m/n/10 Avg| 
 []


Overfull \hbox (3.02596pt too wide) in paragraph at lines 641--641
[]|\T1/aer/m/n/10 Min| 
 []


Overfull \hbox (4.97603pt too wide) in paragraph at lines 641--641
[]|\T1/aer/m/n/10 Max| 
 []


Overfull \hbox (3.31613pt too wide) in paragraph at lines 641--641
[]|\T1/aer/m/n/10 Avg| 
 []


Overfull \hbox (3.02596pt too wide) in paragraph at lines 641--641
[]|\T1/aer/m/n/10 Min| 
 []


Overfull \hbox (4.97603pt too wide) in paragraph at lines 641--641
[]|\T1/aer/m/n/10 Max| 
 []


Overfull \hbox (3.31613pt too wide) in paragraph at lines 641--641
[]|\T1/aer/m/n/10 Avg| 
 []


Overfull \hbox (3.02596pt too wide) in paragraph at lines 641--641
[]|\T1/aer/m/n/10 Min| 
 []


Overfull \hbox (4.97603pt too wide) in paragraph at lines 641--641
[]|\T1/aer/m/n/10 Max| 
 []


Overfull \hbox (3.31613pt too wide) in paragraph at lines 641--641
[]|\T1/aer/m/n/10 Avg| 
 []


Overfull \hbox (3.02596pt too wide) in paragraph at lines 641--641
[]|\T1/aer/m/n/10 Min| 
 []


Overfull \hbox (4.97603pt too wide) in paragraph at lines 641--642
[]|\T1/aer/m/n/10 Max| 
 []


Overfull \hbox (53.85324pt too wide) in paragraph at lines 638--647
 [][] 
 []

[57

pdfTeX warning (ext4): destination with the same identifier (name{table.1}) has
 been already used, duplicate ignored

\AtBegShi@Output ...ipout \box \AtBeginShipoutBox 
                                                  \fi \fi 
l.654 \end{landscape}
                     pdfTeX warning (ext4): destination with the same identifie
r (name{table.2}) has been already used, duplicate ignored

\AtBegShi@Output ...ipout \box \AtBeginShipoutBox 
                                                  \fi \fi 
l.654 \end{landscape}
                     ] 
AED: lastpage setting LastPage
Package atveryend Info: Empty hook `BeforeClearDocument' on input line 657.
Package atveryend Info: Empty hook `AfterLastShipout' on input line 657.
(./myreport.aux)
Package atveryend Info: Executing hook `AtVeryEndDocument' on input line 657.
Package atveryend Info: Executing hook `AtEndAfterFileList' on input line 657.
Package rerunfilecheck Info: File `myreport.out' has not changed.
(rerunfilecheck)             Checksum: 5D23692C9758C74C5BB09C1F20727424;805.
Package atveryend Info: Empty hook `AtVeryVeryEnd' on input line 657.
 )
(\end occurred inside a group at level 1)

### semi simple group (level 1) entered at line 39 (\begingroup)
### bottom level 
Here is how much of TeX's memory you used:
 8778 strings out of 492982
 130962 string characters out of 6134895
 242597 words of memory out of 5000000
 11953 multiletter control sequences out of 15000+600000
 33199 words of font info for 52 fonts, out of 8000000 for 9000
 1141 hyphenation exceptions out of 8191
 103i,14n,103p,1131b,431s stack positions out of 5000i,500n,10000p,200000b,80000s
{/usr/share/texmf/fonts/enc/dvips/cm-super/cm-super-ts1.enc}{/u
sr/share/texlive/texmf-dist/fonts/enc/dvips/base/8r.enc}</usr/share/texlive/tex
mf-dist/fonts/type1/public/amsfonts/cm/cmbx10.pfb></usr/share/texlive/texmf-dis
t/fonts/type1/public/amsfonts/cm/cmbx8.pfb></usr/share/texlive/texmf-dist/fonts
/type1/public/amsfonts/cm/cmr10.pfb></usr/share/texlive/texmf-dist/fonts/type1/
public/amsfonts/cm/cmr8.pfb></usr/share/texlive/texmf-dist/fonts/type1/public/a
msfonts/cm/cmsy7.pfb></usr/share/texlive/texmf-dist/fonts/type1/public/amsfonts
/cm/cmti10.pfb></usr/share/texlive/texmf-dist/fonts/type1/public/amsfonts/cm/cm
ti8.pfb></usr/share/texmf/fonts/type1/public/cm-super/sfrm1000.pfb></usr/share/
texlive/texmf-dist/fonts/type1/urw/helvetic/uhvb8a.pfb></usr/share/texlive/texm
f-dist/fonts/type1/urw/helvetic/uhvr8a.pfb>
Output written on myreport.pdf (67 pages, 8477051 bytes).
PDF statistics:
 712 PDF objects out of 1000 (max. 8388607)
 502 compressed objects within 6 object streams
 154 named destinations out of 1000 (max. 500000)
 460 words of extra memory for PDF output out of 10000 (max. 10000000)

